<?xml version="1.0" encoding="UTF-8"?>
<!-- Generated by org.testng.reporters.JUnitReportReporter -->
<testsuite hostname="LAPTOP-VGV32DM1" failures="0" tests="2" name="com.testng.LogIn" time="0.007" errors="0" timestamp="2021-04-11T10:02:43 EDT" skipped="0">
  <testcase classname="com.testng.LogIn" name="logoutTest" time="0.004"/>
  <system-out/>
  <testcase classname="com.testng.LogIn" name="loginTest" time="0.003"/>
  <system-out/>
</testsuite> <!-- com.testng.LogIn -->
