<?xml version="1.0" encoding="UTF-8"?>
<!-- Generated by org.testng.reporters.JUnitReportReporter -->
<testsuite hostname="LAPTOP-VGV32DM1" failures="0" tests="1" name="com.testng.ExtentReport" time="9.855" errors="0" timestamp="2021-04-26T14:47:21 EDT" skipped="0">
  <testcase classname="com.testng.ExtentReport" name="Extrepo" time="9.855"/>
  <system-out/>
</testsuite> <!-- com.testng.ExtentReport -->
