<?xml version="1.0" encoding="UTF-8"?>
<!-- Generated by org.testng.reporters.JUnitReportReporter -->
<testsuite hostname="LAPTOP-VGV32DM1" failures="0" tests="4" name="com.testng.GroupTest" time="0.036" errors="0" timestamp="2021-04-12T14:15:55 EDT" skipped="0">
  <testcase classname="com.testng.GroupTest" name="logoutTestc" time="0.005"/>
  <system-out/>
  <testcase classname="com.testng.GroupTest" name="logoutTestb" time="0.018"/>
  <system-out/>
  <testcase classname="com.testng.GroupTest" name="logoutTestd" time="0.008"/>
  <system-out/>
  <testcase classname="com.testng.GroupTest" name="loginTesta" time="0.005"/>
  <system-out/>
</testsuite> <!-- com.testng.GroupTest -->
