<?xml version="1.0" encoding="UTF-8"?>
<!-- Generated by org.testng.reporters.JUnitReportReporter -->
<testsuite hostname="LAPTOP-VGV32DM1" failures="0" tests="3" name="com.testng.SkipTests" time="0.012" errors="0" timestamp="2021-04-11T10:48:28 EDT" skipped="1">
  <testcase classname="com.testng.SkipTests" name="skiptest3" time="0.001"/>
  <system-out/>
  <testcase classname="com.testng.SkipTests" name="skiptest2" time="0.011"/>
  <system-out/>
  <testcase classname="com.testng.SkipTests" name="skiptest1">
    <skipped/>
  </testcase> <!-- skiptest1 -->
  <system-out/>
</testsuite> <!-- com.testng.SkipTests -->
