<?xml version="1.0" encoding="UTF-8"?>
<!-- Generated by org.testng.reporters.JUnitReportReporter -->
<testsuite hostname="LAPTOP-VGV32DM1" failures="0" tests="3" name="com.testng.ReportGeneration" time="0.029" errors="0" timestamp="2021-04-12T14:53:00 EDT" skipped="0">
  <testcase classname="com.testng.ReportGeneration" name="testreport3" time="0.003"/>
  <system-out/>
  <testcase classname="com.testng.ReportGeneration" name="testreport2" time="0.003"/>
  <system-out/>
  <testcase classname="com.testng.ReportGeneration" name="testreport1" time="0.023"/>
  <system-out>
This is report1  </system-out>
</testsuite> <!-- com.testng.ReportGeneration -->
