<?xml version="1.0" encoding="UTF-8"?>
<!-- Generated by org.testng.reporters.JUnitReportReporter -->
<testsuite hostname="LAPTOP-VGV32DM1" failures="0" tests="4" name="com.testng.DataProvider" time="0.014" errors="0" timestamp="2021-04-11T16:20:40 EDT" skipped="0">
  <testcase classname="com.testng.DataProvider" name="test" time="0.002"/>
  <system-out/>
  <testcase classname="com.testng.DataProvider" name="test" time="0.003"/>
  <system-out/>
  <testcase classname="com.testng.DataProvider" name="test" time="0.008"/>
  <system-out/>
  <testcase classname="com.testng.DataProvider" name="test" time="0.001"/>
  <system-out/>
</testsuite> <!-- com.testng.DataProvider -->
