<?xml version="1.0" encoding="UTF-8"?>
<!-- Generated by org.testng.reporters.JUnitReportReporter -->
<testsuite hostname="LAPTOP-VGV32DM1" failures="0" tests="2" name="com.test_cases.LogIn" time="0.009" errors="0" timestamp="2021-04-14T16:27:43 EDT" skipped="0">
  <testcase classname="com.test_cases.LogIn" name="LogOut" time="0.007"/>
  <system-out/>
  <testcase classname="com.test_cases.LogIn" name="Login" time="0.002"/>
  <system-out/>
</testsuite> <!-- com.test_cases.LogIn -->
