<?xml version="1.0" encoding="UTF-8"?>
<!-- Generated by org.testng.reporters.JUnitReportReporter -->
<testsuite hostname="LAPTOP-VGV32DM1" failures="0" tests="1" name="com.testng.VerifyTitle" time="9.214" errors="0" timestamp="2021-04-11T10:02:43 EDT" skipped="0">
  <testcase classname="com.testng.VerifyTitle" name="Title" time="9.214"/>
  <system-out/>
</testsuite> <!-- com.testng.VerifyTitle -->
