<?xml version="1.0" encoding="UTF-8"?>
<!-- Generated by org.testng.reporters.JUnitReportReporter -->
<testsuite hostname="LAPTOP-VGV32DM1" failures="0" tests="1" name="com.testng.LogIn2" time="0.005" errors="0" timestamp="2021-04-11T10:50:48 EDT" skipped="0">
  <testcase classname="com.testng.LogIn2" name="logoutTest" time="0.005"/>
  <system-out/>
</testsuite> <!-- com.testng.LogIn2 -->
